


ARM Macro Assembler    Page 1 


    1 00000000         
    2 00000000 0000B640 
                       Stack_Size
                               EQU              0x00B640
    3 00000000         
    4 00000000                 AREA             STACK, NOINIT, READWRITE, ALIGN
=4
    5 00000000         Stack_Mem
                               SPACE            Stack_Size
    6 0000B640 1001B640 
                       __initial_sp
                               EQU              0x1001B640
    7 0000B640         
    8 0000B640         
    9 0000B640         ; <h> Heap Configuration
   10 0000B640         ;   <o>  Heap Size (in Bytes) <0x0-0xFFFFFFFF:8>
   11 0000B640         ; </h>
   12 0000B640         
   13 0000B640 00001000 
                       Heap_Size
                               EQU              0x00001000
   14 0000B640                 AREA             HEAP, NOINIT, READWRITE, ALIGN=
4
   15 00000000         __heap_base
   16 00000000         Heap_Mem
                               SPACE            Heap_Size
   17 00001000         __heap_limit
   18 00001000         
   19 00001000         
   20 00001000                 PRESERVE8
   21 00001000                 THUMB
   22 00001000         ; Vector Table Mapped to Address 0 at Reset
   23 00001000         
   24 00001000                 AREA             RESET, DATA, READONLY
   25 00000000                 EXPORT           __Vectors
   26 00000000                 EXPORT           __Vectors_End
   27 00000000                 EXPORT           __Vectors_Size
   28 00000000 1001B640 
                       __Vectors
                               DCD              __initial_sp ; Top of Stack
   29 00000004 00000000        DCD              Reset_Handler ; Reset Handler
   30 00000008 00000000        DCD              NMI_Handler
   31 0000000C 00000000        DCD              HardFault_Handler ; Hard Fault 
                                                            Handler     
   32 00000010 00000000        DCD              0           ; 
   33 00000014 00000000        DCD              0           ;
   34 00000018 00000000        DCD              0           ;
   35 0000001C 00000000        DCD              0           ;
   36 00000020 00000000        DCD              0           ;
   37 00000024 00000000        DCD              0           ;
   38 00000028 00000000        DCD              0           ;
   39 0000002C 00000000        DCD              SVC_Handler ;
   40 00000030 00000000        DCD              0           ;
   41 00000034 00000000        DCD              0           ;
   42 00000038 00000000        DCD              PendSV_Handler ;
   43 0000003C 00000000        DCD              SysTick_Handler ; 
   44 00000040         
   45 00000040 00000000        DCD              USB_IRQHandler ;
   46 00000044 00000000        DCD              IIC_IRQHandler ;



ARM Macro Assembler    Page 2 


   47 00000048 00000000        DCD              QSPI_IRQHandler ;
   48 0000004C 00000000        DCD              SPI_IRQHandler ;
   49 00000050 00000000        DCD              UART_IRQHandler ;
   50 00000054 00000000        DCD              UARTB_IRQHandler ;
   51 00000058 00000000        DCD              ADC_IRQHandler ;
   52 0000005C 00000000        DCD              IIS_IRQHandler ;
   53 00000060 00000000        DCD              BT_IRQHandler ;
   54 00000064 00000000        DCD              GPIO_IRQHandler ;
   55 00000068 00000000        DCD              OTP_IRQHandler ;
   56 0000006C 00000000        DCD              SBC_ERR0_IRQHandler ;
   57 00000070 00000000        DCD              SBC_ERR1_IRQHandler ;
   58 00000074 00000000        DCD              FFT_IRQHandler ;
   59 00000078 00000000        DCD              DMA_IRQHandler ;
   60 0000007C 00000000        DCD              SD_IRQHandler ;
   61 00000080 00000000        DCD              TIMER0_IRQHandler ;
   62 00000084 00000000        DCD              TIMER1_IRQHandler ;
   63 00000088 00000000        DCD              TIMER2_IRQHandler ;
   64 0000008C 00000000        DCD              TIMER3_IRQHandler ;
   65 00000090 00000000        DCD              TIMER4_IRQHandler ;
   66 00000094 00000000        DCD              TIMER5_IRQHandler ;
   67 00000098 00000000        DCD              TIMER6_IRQHandler ;
   68 0000009C 00000000        DCD              TIMER7_IRQHandler ;
   69 000000A0 00000000        DCD              WDT2_IRQHandler ;
   70 000000A4 00000000        DCD              WDT_IRQHandler ;
   71 000000A8 00000000        DCD              0           ;
   72 000000AC 00000000        DCD              0           ;
   73 000000B0 00000000        DCD              0           ;
   74 000000B4 00000000        DCD              0           ;
   75 000000B8 00000000        DCD              0           ;
   76 000000BC 00000000        DCD              0           ;
   77 000000C0         
   78 000000C0         __Vectors_End
   79 000000C0         
   80 000000C0 000000C0 
                       __Vectors_Size
                               EQU              __Vectors_End - __Vectors
   81 000000C0         
   82 000000C0                 AREA             |.text|, CODE, READONLY ,ALIGN=
4
   83 00000000         
   84 00000000         
   85 00000000         
   86 00000000         ; Reset Handler
   87 00000000         
   88 00000000         Reset_Handler
                               PROC
   89 00000000                 EXPORT           Reset_Handler             [WEAK
]
   90 00000000                 IMPORT           __main
   91 00000000 4806            LDR              R0,= LOADRAMFLAG
   92 00000002 6800            LDR              R0,[R0]
   93 00000004 7800            LDRB             R0,[R0]
   94 00000006 2801            CMP              R0,#1
   95 00000008 D0FE            BEQ              RUN_TO_MAIN
   96 0000000A 4805            LDR              R0, =__main
   97 0000000C 4700            BX               R0
   98 0000000E                 ENDP
   99 0000000E         
  100 0000000E         RUN_TO_MAIN



ARM Macro Assembler    Page 3 


                               PROC
  101 0000000E                 IMPORT           main
  102 0000000E 4805            LDR              R0, = main
  103 00000010 4700            BX               R0
  104 00000012                 ENDP
  105 00000012         
  106 00000012 00 00           align            4
  107 00000014         ; mem_wake_flag
  108 00000014 10004429 
                       LOADRAMFLAG
                               DCD              0x10004429
  109 00000018         Default_Handler
                               PROC
  110 00000018         ; ToDo:  Add here the export definition for the device s
                       pecific external interrupts handler
  111 00000018                 EXPORT           HardFault_Handler   [WEAK]
  112 00000018                 EXPORT           NMI_Handler      [WEAK]
  113 00000018                 EXPORT           SVC_Handler      [WEAK]
  114 00000018                 EXPORT           PendSV_Handler  [WEAK]
  115 00000018                 EXPORT           SysTick_Handler  [WEAK]
  116 00000018                 EXPORT           USB_IRQHandler      [WEAK]
  117 00000018                 EXPORT           IIC_IRQHandler      [WEAK]
  118 00000018                 EXPORT           QSPI_IRQHandler     [WEAK]
  119 00000018                 EXPORT           SPI_IRQHandler      [WEAK]
  120 00000018                 EXPORT           UART_IRQHandler     [WEAK]
  121 00000018                 EXPORT           UARTB_IRQHandler    [WEAK]
  122 00000018                 EXPORT           ADC_IRQHandler      [WEAK]
  123 00000018                 EXPORT           IIS_IRQHandler      [WEAK]
  124 00000018                 EXPORT           BT_IRQHandler       [WEAK]
  125 00000018                 EXPORT           GPIO_IRQHandler  [WEAK]
  126 00000018                 EXPORT           OTP_IRQHandler  [WEAK]
  127 00000018                 EXPORT           SBC_ERR0_IRQHandler [WEAK]
  128 00000018                 EXPORT           SBC_ERR1_IRQHandler [WEAK]
  129 00000018                 EXPORT           FFT_IRQHandler  [WEAK]
  130 00000018                 EXPORT           DMA_IRQHandler  [WEAK]
  131 00000018                 EXPORT           SD_IRQHandler  [WEAK]
  132 00000018                 EXPORT           TIMER0_IRQHandler [WEAK]
  133 00000018                 EXPORT           TIMER1_IRQHandler [WEAK]
  134 00000018                 EXPORT           TIMER2_IRQHandler [WEAK]
  135 00000018                 EXPORT           TIMER3_IRQHandler [WEAK]
  136 00000018                 EXPORT           TIMER4_IRQHandler [WEAK]
  137 00000018                 EXPORT           TIMER5_IRQHandler [WEAK]
  138 00000018                 EXPORT           TIMER6_IRQHandler [WEAK]
  139 00000018                 EXPORT           TIMER7_IRQHandler [WEAK]
  140 00000018         
  141 00000018                 EXPORT           WDT2_IRQHandler  [WEAK]
  142 00000018                 EXPORT           WDT_IRQHandler  [WEAK]
  143 00000018         
  144 00000018         ; ToDo:  Add here the names for the device specific exte
                       rnal interrupts handler
  145 00000018         HardFault_Handler
  146 00000018         NMI_Handler
  147 00000018         SVC_Handler
  148 00000018         PendSV_Handler
  149 00000018         SysTick_Handler
  150 00000018         USB_IRQHandler
  151 00000018         IIC_IRQHandler
  152 00000018         QSPI_IRQHandler
  153 00000018         SPI_IRQHandler



ARM Macro Assembler    Page 4 


  154 00000018         UART_IRQHandler
  155 00000018         UARTB_IRQHandler
  156 00000018         ADC_IRQHandler
  157 00000018         IIS_IRQHandler
  158 00000018         BT_IRQHandler
  159 00000018         GPIO_IRQHandler
  160 00000018         OTP_IRQHandler
  161 00000018         SBC_ERR0_IRQHandler
  162 00000018         SBC_ERR1_IRQHandler
  163 00000018         FFT_IRQHandler
  164 00000018         DMA_IRQHandler
  165 00000018         SD_IRQHandler
  166 00000018         TIMER0_IRQHandler
  167 00000018         TIMER1_IRQHandler
  168 00000018         TIMER2_IRQHandler
  169 00000018         TIMER3_IRQHandler
  170 00000018         TIMER4_IRQHandler
  171 00000018         TIMER5_IRQHandler
  172 00000018         TIMER6_IRQHandler
  173 00000018         TIMER7_IRQHandler
  174 00000018         
  175 00000018         WDT2_IRQHandler
  176 00000018         WDT_IRQHandler
  177 00000018 E7FE            B                .
  178 0000001A                 ENDP
  179 0000001A         
  180 0000001A 00 00           ALIGN
  181 0000001C         
  182 0000001C         
  183 0000001C         ; User Initial Stack & Heap
  184 0000001C         
  185 0000001C                 IF               :DEF:__MICROLIB
  186 0000001C                 EXPORT           __initial_sp
  187 0000001C                 EXPORT           __heap_base
  188 0000001C                 EXPORT           __heap_limit
  189 0000001C         
  190 0000001C                 ELSE
  205                          ENDIF
  206 0000001C         
  207 0000001C                 END
              00000000 
              00000000 
              00000000 
Command Line: --debug --xref --diag_suppress=9931 --cpu=Cortex-M0 --apcs=interw
ork --depend=.\objects\startup.d -o.\objects\startup.o -I.\RTE\_blueware -ID:\K
eil\ARM\PACK\ARM\CMSIS\5.0.1\Device\ARM\ARMCM0\Include -ID:\Keil\ARM\CMSIS\Incl
ude -ID:\Keil\ARM\PACK\ARM\CMSIS\5.0.1 --predefine="__MICROLIB SETA 1" --predef
ine="__UVISION_VERSION SETA 523" --predefine="ARMCM0 SETA 1" --list=.\listings\
startup.lst ..\..\..\..\..\..\Librarier\startup\startup.s



ARM Macro Assembler    Page 1 Alphabetic symbol ordering
Relocatable symbols

STACK 00000000

Symbol: STACK
   Definitions
      At line 4 in file ..\..\..\..\..\..\Librarier\startup\startup.s
   Uses
      None
Comment: STACK unused
Stack_Mem 00000000

Symbol: Stack_Mem
   Definitions
      At line 5 in file ..\..\..\..\..\..\Librarier\startup\startup.s
   Uses
      None
Comment: Stack_Mem unused
2 symbols



ARM Macro Assembler    Page 1 Alphabetic symbol ordering
Relocatable symbols

HEAP 00000000

Symbol: HEAP
   Definitions
      At line 14 in file ..\..\..\..\..\..\Librarier\startup\startup.s
   Uses
      None
Comment: HEAP unused
Heap_Mem 00000000

Symbol: Heap_Mem
   Definitions
      At line 16 in file ..\..\..\..\..\..\Librarier\startup\startup.s
   Uses
      None
Comment: Heap_Mem unused
__heap_base 00000000

Symbol: __heap_base
   Definitions
      At line 15 in file ..\..\..\..\..\..\Librarier\startup\startup.s
   Uses
      At line 187 in file ..\..\..\..\..\..\Librarier\startup\startup.s
Comment: __heap_base used once
__heap_limit 00001000

Symbol: __heap_limit
   Definitions
      At line 17 in file ..\..\..\..\..\..\Librarier\startup\startup.s
   Uses
      At line 188 in file ..\..\..\..\..\..\Librarier\startup\startup.s
Comment: __heap_limit used once
4 symbols



ARM Macro Assembler    Page 1 Alphabetic symbol ordering
Relocatable symbols

RESET 00000000

Symbol: RESET
   Definitions
      At line 24 in file ..\..\..\..\..\..\Librarier\startup\startup.s
   Uses
      None
Comment: RESET unused
__Vectors 00000000

Symbol: __Vectors
   Definitions
      At line 28 in file ..\..\..\..\..\..\Librarier\startup\startup.s
   Uses
      At line 25 in file ..\..\..\..\..\..\Librarier\startup\startup.s
      At line 80 in file ..\..\..\..\..\..\Librarier\startup\startup.s

__Vectors_End 000000C0

Symbol: __Vectors_End
   Definitions
      At line 78 in file ..\..\..\..\..\..\Librarier\startup\startup.s
   Uses
      At line 26 in file ..\..\..\..\..\..\Librarier\startup\startup.s
      At line 80 in file ..\..\..\..\..\..\Librarier\startup\startup.s

3 symbols



ARM Macro Assembler    Page 1 Alphabetic symbol ordering
Relocatable symbols

.text 00000000

Symbol: .text
   Definitions
      At line 82 in file ..\..\..\..\..\..\Librarier\startup\startup.s
   Uses
      None
Comment: .text unused
ADC_IRQHandler 00000018

Symbol: ADC_IRQHandler
   Definitions
      At line 156 in file ..\..\..\..\..\..\Librarier\startup\startup.s
   Uses
      At line 51 in file ..\..\..\..\..\..\Librarier\startup\startup.s
      At line 122 in file ..\..\..\..\..\..\Librarier\startup\startup.s

BT_IRQHandler 00000018

Symbol: BT_IRQHandler
   Definitions
      At line 158 in file ..\..\..\..\..\..\Librarier\startup\startup.s
   Uses
      At line 53 in file ..\..\..\..\..\..\Librarier\startup\startup.s
      At line 124 in file ..\..\..\..\..\..\Librarier\startup\startup.s

DMA_IRQHandler 00000018

Symbol: DMA_IRQHandler
   Definitions
      At line 164 in file ..\..\..\..\..\..\Librarier\startup\startup.s
   Uses
      At line 59 in file ..\..\..\..\..\..\Librarier\startup\startup.s
      At line 130 in file ..\..\..\..\..\..\Librarier\startup\startup.s

Default_Handler 00000018

Symbol: Default_Handler
   Definitions
      At line 109 in file ..\..\..\..\..\..\Librarier\startup\startup.s
   Uses
      None
Comment: Default_Handler unused
FFT_IRQHandler 00000018

Symbol: FFT_IRQHandler
   Definitions
      At line 163 in file ..\..\..\..\..\..\Librarier\startup\startup.s
   Uses
      At line 58 in file ..\..\..\..\..\..\Librarier\startup\startup.s
      At line 129 in file ..\..\..\..\..\..\Librarier\startup\startup.s

GPIO_IRQHandler 00000018

Symbol: GPIO_IRQHandler
   Definitions
      At line 159 in file ..\..\..\..\..\..\Librarier\startup\startup.s
   Uses
      At line 54 in file ..\..\..\..\..\..\Librarier\startup\startup.s



ARM Macro Assembler    Page 2 Alphabetic symbol ordering
Relocatable symbols

      At line 125 in file ..\..\..\..\..\..\Librarier\startup\startup.s

HardFault_Handler 00000018

Symbol: HardFault_Handler
   Definitions
      At line 145 in file ..\..\..\..\..\..\Librarier\startup\startup.s
   Uses
      At line 31 in file ..\..\..\..\..\..\Librarier\startup\startup.s
      At line 111 in file ..\..\..\..\..\..\Librarier\startup\startup.s

IIC_IRQHandler 00000018

Symbol: IIC_IRQHandler
   Definitions
      At line 151 in file ..\..\..\..\..\..\Librarier\startup\startup.s
   Uses
      At line 46 in file ..\..\..\..\..\..\Librarier\startup\startup.s
      At line 117 in file ..\..\..\..\..\..\Librarier\startup\startup.s

IIS_IRQHandler 00000018

Symbol: IIS_IRQHandler
   Definitions
      At line 157 in file ..\..\..\..\..\..\Librarier\startup\startup.s
   Uses
      At line 52 in file ..\..\..\..\..\..\Librarier\startup\startup.s
      At line 123 in file ..\..\..\..\..\..\Librarier\startup\startup.s

LOADRAMFLAG 00000014

Symbol: LOADRAMFLAG
   Definitions
      At line 108 in file ..\..\..\..\..\..\Librarier\startup\startup.s
   Uses
      At line 91 in file ..\..\..\..\..\..\Librarier\startup\startup.s
Comment: LOADRAMFLAG used once
NMI_Handler 00000018

Symbol: NMI_Handler
   Definitions
      At line 146 in file ..\..\..\..\..\..\Librarier\startup\startup.s
   Uses
      At line 30 in file ..\..\..\..\..\..\Librarier\startup\startup.s
      At line 112 in file ..\..\..\..\..\..\Librarier\startup\startup.s

OTP_IRQHandler 00000018

Symbol: OTP_IRQHandler
   Definitions
      At line 160 in file ..\..\..\..\..\..\Librarier\startup\startup.s
   Uses
      At line 55 in file ..\..\..\..\..\..\Librarier\startup\startup.s
      At line 126 in file ..\..\..\..\..\..\Librarier\startup\startup.s

PendSV_Handler 00000018

Symbol: PendSV_Handler
   Definitions



ARM Macro Assembler    Page 3 Alphabetic symbol ordering
Relocatable symbols

      At line 148 in file ..\..\..\..\..\..\Librarier\startup\startup.s
   Uses
      At line 42 in file ..\..\..\..\..\..\Librarier\startup\startup.s
      At line 114 in file ..\..\..\..\..\..\Librarier\startup\startup.s

QSPI_IRQHandler 00000018

Symbol: QSPI_IRQHandler
   Definitions
      At line 152 in file ..\..\..\..\..\..\Librarier\startup\startup.s
   Uses
      At line 47 in file ..\..\..\..\..\..\Librarier\startup\startup.s
      At line 118 in file ..\..\..\..\..\..\Librarier\startup\startup.s

RUN_TO_MAIN 0000000E

Symbol: RUN_TO_MAIN
   Definitions
      At line 100 in file ..\..\..\..\..\..\Librarier\startup\startup.s
   Uses
      At line 95 in file ..\..\..\..\..\..\Librarier\startup\startup.s
Comment: RUN_TO_MAIN used once
Reset_Handler 00000000

Symbol: Reset_Handler
   Definitions
      At line 88 in file ..\..\..\..\..\..\Librarier\startup\startup.s
   Uses
      At line 29 in file ..\..\..\..\..\..\Librarier\startup\startup.s
      At line 89 in file ..\..\..\..\..\..\Librarier\startup\startup.s

SBC_ERR0_IRQHandler 00000018

Symbol: SBC_ERR0_IRQHandler
   Definitions
      At line 161 in file ..\..\..\..\..\..\Librarier\startup\startup.s
   Uses
      At line 56 in file ..\..\..\..\..\..\Librarier\startup\startup.s
      At line 127 in file ..\..\..\..\..\..\Librarier\startup\startup.s

SBC_ERR1_IRQHandler 00000018

Symbol: SBC_ERR1_IRQHandler
   Definitions
      At line 162 in file ..\..\..\..\..\..\Librarier\startup\startup.s
   Uses
      At line 57 in file ..\..\..\..\..\..\Librarier\startup\startup.s
      At line 128 in file ..\..\..\..\..\..\Librarier\startup\startup.s

SD_IRQHandler 00000018

Symbol: SD_IRQHandler
   Definitions
      At line 165 in file ..\..\..\..\..\..\Librarier\startup\startup.s
   Uses
      At line 60 in file ..\..\..\..\..\..\Librarier\startup\startup.s
      At line 131 in file ..\..\..\..\..\..\Librarier\startup\startup.s

SPI_IRQHandler 00000018



ARM Macro Assembler    Page 4 Alphabetic symbol ordering
Relocatable symbols


Symbol: SPI_IRQHandler
   Definitions
      At line 153 in file ..\..\..\..\..\..\Librarier\startup\startup.s
   Uses
      At line 48 in file ..\..\..\..\..\..\Librarier\startup\startup.s
      At line 119 in file ..\..\..\..\..\..\Librarier\startup\startup.s

SVC_Handler 00000018

Symbol: SVC_Handler
   Definitions
      At line 147 in file ..\..\..\..\..\..\Librarier\startup\startup.s
   Uses
      At line 39 in file ..\..\..\..\..\..\Librarier\startup\startup.s
      At line 113 in file ..\..\..\..\..\..\Librarier\startup\startup.s

SysTick_Handler 00000018

Symbol: SysTick_Handler
   Definitions
      At line 149 in file ..\..\..\..\..\..\Librarier\startup\startup.s
   Uses
      At line 43 in file ..\..\..\..\..\..\Librarier\startup\startup.s
      At line 115 in file ..\..\..\..\..\..\Librarier\startup\startup.s

TIMER0_IRQHandler 00000018

Symbol: TIMER0_IRQHandler
   Definitions
      At line 166 in file ..\..\..\..\..\..\Librarier\startup\startup.s
   Uses
      At line 61 in file ..\..\..\..\..\..\Librarier\startup\startup.s
      At line 132 in file ..\..\..\..\..\..\Librarier\startup\startup.s

TIMER1_IRQHandler 00000018

Symbol: TIMER1_IRQHandler
   Definitions
      At line 167 in file ..\..\..\..\..\..\Librarier\startup\startup.s
   Uses
      At line 62 in file ..\..\..\..\..\..\Librarier\startup\startup.s
      At line 133 in file ..\..\..\..\..\..\Librarier\startup\startup.s

TIMER2_IRQHandler 00000018

Symbol: TIMER2_IRQHandler
   Definitions
      At line 168 in file ..\..\..\..\..\..\Librarier\startup\startup.s
   Uses
      At line 63 in file ..\..\..\..\..\..\Librarier\startup\startup.s
      At line 134 in file ..\..\..\..\..\..\Librarier\startup\startup.s

TIMER3_IRQHandler 00000018

Symbol: TIMER3_IRQHandler
   Definitions
      At line 169 in file ..\..\..\..\..\..\Librarier\startup\startup.s
   Uses



ARM Macro Assembler    Page 5 Alphabetic symbol ordering
Relocatable symbols

      At line 64 in file ..\..\..\..\..\..\Librarier\startup\startup.s
      At line 135 in file ..\..\..\..\..\..\Librarier\startup\startup.s

TIMER4_IRQHandler 00000018

Symbol: TIMER4_IRQHandler
   Definitions
      At line 170 in file ..\..\..\..\..\..\Librarier\startup\startup.s
   Uses
      At line 65 in file ..\..\..\..\..\..\Librarier\startup\startup.s
      At line 136 in file ..\..\..\..\..\..\Librarier\startup\startup.s

TIMER5_IRQHandler 00000018

Symbol: TIMER5_IRQHandler
   Definitions
      At line 171 in file ..\..\..\..\..\..\Librarier\startup\startup.s
   Uses
      At line 66 in file ..\..\..\..\..\..\Librarier\startup\startup.s
      At line 137 in file ..\..\..\..\..\..\Librarier\startup\startup.s

TIMER6_IRQHandler 00000018

Symbol: TIMER6_IRQHandler
   Definitions
      At line 172 in file ..\..\..\..\..\..\Librarier\startup\startup.s
   Uses
      At line 67 in file ..\..\..\..\..\..\Librarier\startup\startup.s
      At line 138 in file ..\..\..\..\..\..\Librarier\startup\startup.s

TIMER7_IRQHandler 00000018

Symbol: TIMER7_IRQHandler
   Definitions
      At line 173 in file ..\..\..\..\..\..\Librarier\startup\startup.s
   Uses
      At line 68 in file ..\..\..\..\..\..\Librarier\startup\startup.s
      At line 139 in file ..\..\..\..\..\..\Librarier\startup\startup.s

UARTB_IRQHandler 00000018

Symbol: UARTB_IRQHandler
   Definitions
      At line 155 in file ..\..\..\..\..\..\Librarier\startup\startup.s
   Uses
      At line 50 in file ..\..\..\..\..\..\Librarier\startup\startup.s
      At line 121 in file ..\..\..\..\..\..\Librarier\startup\startup.s

UART_IRQHandler 00000018

Symbol: UART_IRQHandler
   Definitions
      At line 154 in file ..\..\..\..\..\..\Librarier\startup\startup.s
   Uses
      At line 49 in file ..\..\..\..\..\..\Librarier\startup\startup.s
      At line 120 in file ..\..\..\..\..\..\Librarier\startup\startup.s

USB_IRQHandler 00000018




ARM Macro Assembler    Page 6 Alphabetic symbol ordering
Relocatable symbols

Symbol: USB_IRQHandler
   Definitions
      At line 150 in file ..\..\..\..\..\..\Librarier\startup\startup.s
   Uses
      At line 45 in file ..\..\..\..\..\..\Librarier\startup\startup.s
      At line 116 in file ..\..\..\..\..\..\Librarier\startup\startup.s

WDT2_IRQHandler 00000018

Symbol: WDT2_IRQHandler
   Definitions
      At line 175 in file ..\..\..\..\..\..\Librarier\startup\startup.s
   Uses
      At line 69 in file ..\..\..\..\..\..\Librarier\startup\startup.s
      At line 141 in file ..\..\..\..\..\..\Librarier\startup\startup.s

WDT_IRQHandler 00000018

Symbol: WDT_IRQHandler
   Definitions
      At line 176 in file ..\..\..\..\..\..\Librarier\startup\startup.s
   Uses
      At line 70 in file ..\..\..\..\..\..\Librarier\startup\startup.s
      At line 142 in file ..\..\..\..\..\..\Librarier\startup\startup.s

36 symbols



ARM Macro Assembler    Page 1 Alphabetic symbol ordering
Absolute symbols

Heap_Size 00001000

Symbol: Heap_Size
   Definitions
      At line 13 in file ..\..\..\..\..\..\Librarier\startup\startup.s
   Uses
      At line 16 in file ..\..\..\..\..\..\Librarier\startup\startup.s
Comment: Heap_Size used once
Stack_Size 0000B640

Symbol: Stack_Size
   Definitions
      At line 2 in file ..\..\..\..\..\..\Librarier\startup\startup.s
   Uses
      At line 5 in file ..\..\..\..\..\..\Librarier\startup\startup.s
Comment: Stack_Size used once
__Vectors_Size 000000C0

Symbol: __Vectors_Size
   Definitions
      At line 80 in file ..\..\..\..\..\..\Librarier\startup\startup.s
   Uses
      At line 27 in file ..\..\..\..\..\..\Librarier\startup\startup.s
Comment: __Vectors_Size used once
__initial_sp 1001B640

Symbol: __initial_sp
   Definitions
      At line 6 in file ..\..\..\..\..\..\Librarier\startup\startup.s
   Uses
      At line 28 in file ..\..\..\..\..\..\Librarier\startup\startup.s
      At line 186 in file ..\..\..\..\..\..\Librarier\startup\startup.s

4 symbols



ARM Macro Assembler    Page 1 Alphabetic symbol ordering
External symbols

__main 00000000

Symbol: __main
   Definitions
      At line 90 in file ..\..\..\..\..\..\Librarier\startup\startup.s
   Uses
      At line 96 in file ..\..\..\..\..\..\Librarier\startup\startup.s
Comment: __main used once
main 00000000

Symbol: main
   Definitions
      At line 101 in file ..\..\..\..\..\..\Librarier\startup\startup.s
   Uses
      At line 102 in file ..\..\..\..\..\..\Librarier\startup\startup.s
Comment: main used once
2 symbols
386 symbols in table
